[ +212 ms] Artifact Instance of 'MaterialFonts' is not required, skipping update.
[        ] Artifact Instance of 'GradleWrapper' is not required, skipping update.
[        ] Artifact Instance of 'AndroidGenSnapshotArtifacts' is not required, skipping update.
[        ] Artifact Instance of 'AndroidInternalBuildArtifacts' is not required, skipping update.
[        ] Artifact Instance of 'IOSEngineArtifacts' is not required, skipping update.
[        ] Artifact Instance of 'FlutterWebSdk' is not required, skipping update.
[   +1 ms] Artifact Instance of 'LegacyCanvasKitRemover' is not required, skipping update.
[        ] Artifact Instance of 'FlutterSdk' is not required, skipping update.
[        ] Artifact Instance of 'WindowsEngineArtifacts' is not required, skipping update.
[        ] Artifact Instance of 'MacOSEngineArtifacts' is not required, skipping update.
[        ] Artifact Instance of 'LinuxEngineArtifacts' is not required, skipping update.
[        ] Artifact Instance of 'LinuxFuchsiaSDKArtifacts' is not required, skipping update.
[        ] Artifact Instance of 'MacOSFuchsiaSDKArtifacts' is not required, skipping update.
[        ] Artifact Instance of 'FlutterRunnerSDKArtifacts' is not required, skipping update.
[        ] Artifact Instance of 'FlutterRunnerDebugSymbols' is not required, skipping update.
[        ] Artifact Instance of 'IosUsbArtifacts' is not required, skipping update.
[        ] Artifact Instance of 'IosUsbArtifacts' is not required, skipping update.
[        ] Artifact Instance of 'IosUsbArtifacts' is not required, skipping update.
[        ] Artifact Instance of 'IosUsbArtifacts' is not required, skipping update.
[        ] Artifact Instance of 'IosUsbArtifacts' is not required, skipping update.
[        ] Artifact Instance of 'IosUsbArtifacts' is not required, skipping update.
[        ] Artifact Instance of 'FontSubsetArtifacts' is not required, skipping update.
[        ] Artifact Instance of 'PubDependencies' is not required, skipping update.
[        ] executing: [C:\flutter/] git -c log.showSignature=false log HEAD -n 1 --pretty=format:%ad --date=iso
[ +109 ms] Exit code 0 from: git -c log.showSignature=false log HEAD -n 1 --pretty=format:%ad --date=iso
[        ] 2026-06-24 11:07:06 -0700
[  +20 ms] Artifact Instance of 'AndroidGenSnapshotArtifacts' is not required, skipping update.
[   +1 ms] Artifact Instance of 'AndroidInternalBuildArtifacts' is not required, skipping update.
[        ] Artifact Instance of 'IOSEngineArtifacts' is not required, skipping update.
[        ] Artifact Instance of 'FlutterWebSdk' is not required, skipping update.
[        ] Artifact Instance of 'FlutterEngineStamp' is not required, skipping update.
[        ] Artifact Instance of 'LegacyCanvasKitRemover' is not required, skipping update.
[   +3 ms] Artifact Instance of 'WindowsEngineArtifacts' is not required, skipping update.
[        ] Artifact Instance of 'MacOSEngineArtifacts' is not required, skipping update.
[        ] Artifact Instance of 'LinuxEngineArtifacts' is not required, skipping update.
[        ] Artifact Instance of 'LinuxFuchsiaSDKArtifacts' is not required, skipping update.
[        ] Artifact Instance of 'MacOSFuchsiaSDKArtifacts' is not required, skipping update.
[        ] Artifact Instance of 'FlutterRunnerSDKArtifacts' is not required, skipping update.
[        ] Artifact Instance of 'FlutterRunnerDebugSymbols' is not required, skipping update.
[  +94 ms] Artifact Instance of 'MaterialFonts' is not required, skipping update.
[        ] Artifact Instance of 'GradleWrapper' is not required, skipping update.
[   +3 ms] Artifact Instance of 'AndroidInternalBuildArtifacts' is not required, skipping update.
[        ] Artifact Instance of 'IOSEngineArtifacts' is not required, skipping update.
[        ] Artifact Instance of 'FlutterWebSdk' is not required, skipping update.
[        ] Artifact Instance of 'FlutterEngineStamp' is not required, skipping update.
[        ] Artifact Instance of 'LegacyCanvasKitRemover' is not required, skipping update.
[        ] Artifact Instance of 'FlutterSdk' is not required, skipping update.
[        ] Artifact Instance of 'WindowsEngineArtifacts' is not required, skipping update.
[        ] Artifact Instance of 'MacOSEngineArtifacts' is not required, skipping update.
[        ] Artifact Instance of 'LinuxEngineArtifacts' is not required, skipping update.
[        ] Artifact Instance of 'LinuxFuchsiaSDKArtifacts' is not required, skipping update.
[        ] Artifact Instance of 'MacOSFuchsiaSDKArtifacts' is not required, skipping update.
[        ] Artifact Instance of 'FlutterRunnerSDKArtifacts' is not required, skipping update.
[        ] Artifact Instance of 'FlutterRunnerDebugSymbols' is not required, skipping update.
[        ] Artifact Instance of 'IosUsbArtifacts' is not required, skipping update.
[        ] Artifact Instance of 'IosUsbArtifacts' is not required, skipping update.
[        ] Artifact Instance of 'IosUsbArtifacts' is not required, skipping update.
[        ] Artifact Instance of 'IosUsbArtifacts' is not required, skipping update.
[        ] Artifact Instance of 'IosUsbArtifacts' is not required, skipping update.
[        ] Artifact Instance of 'IosUsbArtifacts' is not required, skipping update.
[        ] Artifact Instance of 'FontSubsetArtifacts' is not required, skipping update.
[        ] Artifact Instance of 'PubDependencies' is not required, skipping update.
[ +121 ms] Skipping pub get: version match.
[ +124 ms] Found plugin qr_code_scanner at C:\Users\najee\AppData\Local\Pub\Cache\hosted\pub.dev\qr_code_scanner-1.0.1\
[ +114 ms] Found plugin qr_code_scanner at C:\Users\najee\AppData\Local\Pub\Cache\hosted\pub.dev\qr_code_scanner-1.0.1\
[  +26 ms] Skipping generating web_plugin_registrant.dart because it is up-to-date.
[  +56 ms] Found plugin qr_code_scanner at C:\Users\najee\AppData\Local\Pub\Cache\hosted\pub.dev\qr_code_scanner-1.0.1\
[  +17 ms] Generating C:\Users\najee\OneDrive\Documents\SE-ERP\SE-Mobile\android\app\src\main\java\io\flutter\plugins\GeneratedPluginRegistrant.java
[   +6 ms] Skipping generating GeneratedPluginRegistrant.java because it is up-to-date.
[   +6 ms] Skipping generating generated_plugin_registrant.h because it is up-to-date.
[   +1 ms] Skipping generating generated_plugin_registrant.cc because it is up-to-date.
[   +2 ms] Skipping generating generated_plugins.cmake because it is up-to-date.
[   +2 ms] Skipping generating generated_plugin_registrant.h because it is up-to-date.
[   +1 ms] Skipping generating generated_plugin_registrant.cc because it is up-to-date.
[   +2 ms] Skipping generating generated_plugins.cmake because it is up-to-date.
[   +3 ms] Skipping generating GeneratedPluginRegistrant.h because it is up-to-date.
[   +1 ms] Skipping generating GeneratedPluginRegistrant.m because it is up-to-date.
[   +2 ms] Skipping generating GeneratedPluginRegistrant.swift because it is up-to-date.
[ +117 ms] executing: C:\Program Files\Android\Android Studio\jbr\bin\java -version
[ +223 ms] Exit code 0 from: C:\Program Files\Android\Android Studio\jbr\bin\java -version
[        ] openjdk version "21.0.10" 2026-01-20
           OpenJDK Runtime Environment (build 21.0.10+-14961533-b1163.108)
           OpenJDK 64-Bit Server VM (build 21.0.10+-14961533-b1163.108, mixed mode)
[  +13 ms] Top-level Gradle build file not found, skipping migration of task "clean".
[   +5 ms] executing: C:\Program Files\Android\Android Studio\jbr\bin\java --version
[ +232 ms] Exit code 0 from: C:\Program Files\Android\Android Studio\jbr\bin\java --version
[        ] openjdk 21.0.10 2026-01-20
           OpenJDK Runtime Environment (build 21.0.10+-14961533-b1163.108)
           OpenJDK 64-Bit Server VM (build 21.0.10+-14961533-b1163.108, mixed mode)
[   +1 ms] Version of Java is different than impacted version, no migration attempted.
[   +3 ms] CMake project not found, skipping support Android 15 16k page size migration.
[  +10 ms] The developer has already configured the Built-In Kotlin flag, skipping migration.
[   +2 ms] The developer has already configured the new DSL flag, skipping migration.
[   +6 ms] Using gradle from C:\Users\najee\OneDrive\Documents\SE-ERP\SE-Mobile\android\gradlew.bat.
[  +15 ms] LocalFile: 'C:\Users\najee\OneDrive\Documents\SE-ERP\SE-Mobile\android\build.gradle.kts' doesn't provide an AGP version. Checking settings.
[   +1 ms] LocalFile: 'C:\Users\najee\OneDrive\Documents\SE-ERP\SE-Mobile\android\settings.gradle.kts' provides AGP version: 9.0.1
[  +12 ms] Running Gradle task 'assembleRelease'...
[   +2 ms] executing: [C:\Users\najee\OneDrive\Documents\SE-ERP\SE-Mobile\android/] C:\Users\najee\OneDrive\Documents\SE-ERP\SE-Mobile\android\gradlew.bat --full-stacktrace --info -Pverbose=true -Ptarget-platform=android-arm,android-arm64,android-x64 -Ptarget=lib\main.dart -Pbase-application-name=android.app.Application -Pdart-defines=RkxVVFRFUl9WRVJTSU9OPTMuNDQuNA==,RkxVVFRFUl9DSEFOTkVMPXN0YWJsZQ==,RkxVVFRFUl9HSVRfVVJMPWh0dHBzOi8vZ2l0aHViLmNvbS9mbHV0dGVyL2ZsdXR0ZXIuZ2l0,RkxVVFRFUl9GUkFNRVdPUktfUkVWSVNJT049YWQ3MGVjNDYxNw==,RkxVVFRFUl9FTkdJTkVfUkVWSVNJT049YTEwZDhhYzM4ZA==,RkxVVFRFUl9EQVJUX1ZFUlNJT049My4xMi4y -Pdart-obfuscation=false -Ptrack-widget-creation=true -Ptree-shake-icons=true -Psplit-per-abi=true assembleRelease
[+1958 ms] Initialized native services in: C:\Users\najee\.gradle\native
[   +2 ms] Initialized jansi services in: C:\Users\najee\.gradle\native
[ +653 ms] The client will now receive all logging from the daemon (pid: 9788). The daemon log file: C:\Users\najee\.gradle\daemon\9.1.0\daemon-9788.out.log
[        ] Starting 6th build in daemon [uptime: 14 mins 5.284 secs, performance: 100%, GC rate: 0.00/s, heap usage: 0% of 8 GiB, non-heap usage: 9% of 4 GiB]
[        ] Using 8 worker leases.
[        ] Now considering [C:\Users\najee\OneDrive\Documents\SE-ERP\SE-Mobile\android, C:\flutter\packages\flutter_tools\gradle] as hierarchies to watch
[        ] Watching the file system is configured to be enabled if available
[        ] File system watching is active
[        ] Starting Build
[        ] Now considering [C:\flutter\packages\flutter_tools\gradle, C:\Users\najee\OneDrive\Documents\SE-ERP\SE-Mobile\android] as hierarchies to watch
[ +298 ms] > Configure project :gradle
[        ] Evaluating project ':gradle' using build file 'C:\flutter\packages\flutter_tools\gradle\build.gradle.kts'.
[        ] Resolved plugin [id: 'org.gradle.java-gradle-plugin']
[        ] Resolved plugin [id: 'org.gradle.groovy']
[        ] Resolved plugin [id: 'org.gradle.kotlin.kotlin-dsl', version: '6.2.0']
[        ] Resolved plugin [id: 'org.jetbrains.kotlin.jvm', version: '2.2.20']
[        ] Build f8217fc1-198d-4818-bcb4-31b23723bc79 is started
[        ] Using Kotlin Gradle Plugin gradle813 variant
[        ] kotlin scripting plugin: created the scripting discovery configuration: kotlinScriptDef
[        ] kotlin scripting plugin: created the scripting discovery configuration: testKotlinScriptDef
[        ] WARNING: Unsupported Kotlin plugin version.
[        ] The `embedded-kotlin` and `kotlin-dsl` plugins rely on features of Kotlin `2.2.0` that might work differently than in the requested version `2.2.20`.
[        ] file or directory 'C:\flutter\packages\flutter_tools\gradle\src\main\java', not found
[        ] Resolved plugin [id: 'dev.flutter.flutter-plugin-loader', version: '1.0.0']
[  +88 ms] Resolved plugin [id: 'com.android.application', version: '9.0.1', apply: false]
[        ] Resolved plugin [id: 'org.jetbrains.kotlin.android', version: '2.3.20', apply: false]
[        ] Resolve mutations for :gradle:checkKotlinGradlePluginConfigurationErrors (Thread[#742,Execution worker,5,main]) started.
[        ] :gradle:checkKotlinGradlePluginConfigurationErrors (Thread[#742,Execution worker,5,main]) started.
[        ] > Task :gradle:checkKotlinGradlePluginConfigurationErrors SKIPPED
[        ] Skipping task ':gradle:checkKotlinGradlePluginConfigurationErrors' as task onlyIf 'errorDiagnostics are present' is false.
[        ] Resolve mutations for :gradle:compileKotlin (Thread[#742,Execution worker,5,main]) started.
[        ] :gradle:compileKotlin (Thread[#742,Execution worker,5,main]) started.
[  +98 ms] > Task :gradle:compileKotlin UP-TO-DATE
[        ] Caching disabled for task ':gradle:compileKotlin' because:
[   +2 ms]   Build cache is disabled
[        ] Skipping task ':gradle:compileKotlin' as it is up-to-date.
[        ] Resolve mutations for :gradle:compileJava (Thread[#743,Execution worker Thread 2,5,main]) started.
[        ] :gradle:compileJava (Thread[#743,Execution worker Thread 2,5,main]) started.
[ +101 ms] > Task :gradle:compileJava NO-SOURCE
[        ] Skipping task ':gradle:compileJava' as it has no source files and no previous output files.
[        ] Resolve mutations for :gradle:compileGroovy (Thread[#743,Execution worker Thread 2,5,main]) started.
[        ] :gradle:compileGroovy (Thread[#743,Execution worker Thread 2,5,main]) started.
[        ] > Task :gradle:compileGroovy NO-SOURCE
[        ] Skipping task ':gradle:compileGroovy' as it has no source files and no previous output files.
[        ] Resolve mutations for :gradle:pluginDescriptors (Thread[#743,Execution worker Thread 2,5,main]) started.
[        ] :gradle:pluginDescriptors (Thread[#743,Execution worker Thread 2,5,main]) started.
[        ] > Task :gradle:pluginDescriptors UP-TO-DATE
[        ] Caching disabled for task ':gradle:pluginDescriptors' because:
[        ]   Build cache is disabled
[        ]   Not worth caching
[   +1 ms] Skipping task ':gradle:pluginDescriptors' as it is up-to-date.
[        ] Resolve mutations for :gradle:processResources (Thread[#743,Execution worker Thread 2,5,main]) started.
[        ] :gradle:processResources (Thread[#743,Execution worker Thread 2,5,main]) started.
[        ] > Task :gradle:processResources UP-TO-DATE
[        ] Caching disabled for task ':gradle:processResources' because:
[   +2 ms]   Build cache is disabled
[        ]   Not worth caching
[        ] Skipping task ':gradle:processResources' as it is up-to-date.
[        ] Resolve mutations for :gradle:classes (Thread[#743,Execution worker Thread 2,5,main]) started.
[        ] :gradle:classes (Thread[#743,Execution worker Thread 2,5,main]) started.
[        ] > Task :gradle:classes UP-TO-DATE
[        ] Skipping task ':gradle:classes' as it has no actions.
[        ] Resolve mutations for :gradle:jar (Thread[#743,Execution worker Thread 2,5,main]) started.
[        ] :gradle:jar (Thread[#743,Execution worker Thread 2,5,main]) started.
[        ] > Task :gradle:jar UP-TO-DATE
[        ] Caching disabled for task ':gradle:jar' because:
[        ]   Build cache is disabled
[        ]   Not worth caching
[        ] Skipping task ':gradle:jar' as it is up-to-date.
[ +287 ms] Settings evaluated using settings file 'C:\Users\najee\OneDrive\Documents\SE-ERP\SE-Mobile\android\settings.gradle.kts'.
[  +92 ms] Projects loaded. Root project using build file 'C:\Users\najee\OneDrive\Documents\SE-ERP\SE-Mobile\android\build.gradle.kts'.
[        ] Included projects: [root project 'android', project ':app', project ':qr_code_scanner']
[ +395 ms] > Configure project :app
[   +5 ms] Evaluating project ':app' using build file 'C:\Users\najee\OneDrive\Documents\SE-ERP\SE-Mobile\android\app\build.gradle.kts'.
[        ] Resolved plugin [id: 'com.android.application']
[   +1 ms] Resolved plugin [id: 'dev.flutter.flutter-gradle-plugin']
[        ] Build 24da470f-0107-4b59-933e-d62971f3d927 is started
[        ] Using default execution profile
[        ] Using Kotlin Gradle Plugin gradle813 variant
[        ] Applying the Kotlin Android Plugin (KGP) was unsuccessful. KGP was not found on the classpath.
[   +1 ms] If your project uses Kotlin, ensure KGP is declared in the root plugins block.
[        ] For more details check: https://docs.flutter.dev/release/breaking-changes/migrate-to-built-in-kotlin
[        ] Using Kotlin Gradle Plugin gradle813 variant
[        ] C/C++: android.ndkVersion from module build.gradle is [28.2.13676358]
[        ] C/C++: android.ndkPath from module build.gradle is not set
[        ] C/C++: ndk.dir in local.properties is not set
[        ] C/C++: Not considering ANDROID_NDK_HOME because support was removed after deprecation period.
[        ] C/C++: sdkFolder is C:\Users\najee\AppData\Local\Android\Sdk
[        ] C/C++: android.ndkVersion from module build.gradle is [28.2.13676358]
[        ] C/C++: android.ndkPath from module build.gradle is not set
[        ] C/C++: ndk.dir in local.properties is not set
[        ] C/C++: Not considering ANDROID_NDK_HOME because support was removed after deprecation period.
[        ] C/C++: sdkFolder is C:\Users\najee\AppData\Local\Android\Sdk
[   +5 ms] C/C++: android.ndkVersion from module build.gradle is [28.2.13676358]
[   +1 ms] C/C++: android.ndkPath from module build.gradle is not set
[        ] C/C++: ndk.dir in local.properties is not set
[        ] C/C++: Not considering ANDROID_NDK_HOME because support was removed after deprecation period.
[        ] C/C++: sdkFolder is C:\Users\najee\AppData\Local\Android\Sdk
[        ] C/C++: android.ndkVersion from module build.gradle is [28.2.13676358]
[        ] C/C++: android.ndkPath from module build.gradle is not set
[   +2 ms] C/C++: ndk.dir in local.properties is not set
[        ] C/C++: Not considering ANDROID_NDK_HOME because support was removed after deprecation period.
[        ] C/C++: sdkFolder is C:\Users\najee\AppData\Local\Android\Sdk
[        ] C/C++: android.ndkVersion from module build.gradle is [28.2.13676358]
[        ] C/C++: android.ndkPath from module build.gradle is not set
[        ] C/C++: ndk.dir in local.properties is not set
[        ] C/C++: Not considering ANDROID_NDK_HOME because support was removed after deprecation period.
[        ] C/C++: sdkFolder is C:\Users\najee\AppData\Local\Android\Sdk
[        ] C/C++: android.ndkVersion from module build.gradle is [28.2.13676358]
[        ] C/C++: android.ndkPath from module build.gradle is not set
[        ] C/C++: ndk.dir in local.properties is not set
[        ] C/C++: Not considering ANDROID_NDK_HOME because support was removed after deprecation period.
[   +1 ms] C/C++: sdkFolder is C:\Users\najee\AppData\Local\Android\Sdk
[   +4 ms] C/C++: android.ndkVersion from module build.gradle is [28.2.13676358]
[        ] C/C++: android.ndkPath from module build.gradle is not set
[        ] C/C++: ndk.dir in local.properties is not set
[        ] C/C++: Not considering ANDROID_NDK_HOME because support was removed after deprecation period.
[        ] C/C++: sdkFolder is C:\Users\najee\AppData\Local\Android\Sdk
[        ] C/C++: android.ndkVersion from module build.gradle is [28.2.13676358]
[        ] C/C++: android.ndkPath from module build.gradle is not set
[        ] C/C++: ndk.dir in local.properties is not set
[        ] C/C++: Not considering ANDROID_NDK_HOME because support was removed after deprecation period.
[        ] C/C++: sdkFolder is C:\Users\najee\AppData\Local\Android\Sdk
[        ] C/C++: android.ndkVersion from module build.gradle is [28.2.13676358]
[        ] C/C++: android.ndkPath from module build.gradle is not set
[        ] C/C++: ndk.dir in local.properties is not set
[        ] C/C++: Not considering ANDROID_NDK_HOME because support was removed after deprecation period.
[        ] C/C++: sdkFolder is C:\Users\najee\AppData\Local\Android\Sdk
[        ] C/C++: android.ndkVersion from module build.gradle is [28.2.13676358]
[        ] C/C++: android.ndkPath from module build.gradle is not set
[        ] C/C++: ndk.dir in local.properties is not set
[        ] C/C++: Not considering ANDROID_NDK_HOME because support was removed after deprecation period.
[        ] C/C++: sdkFolder is C:\Users\najee\AppData\Local\Android\Sdk
[        ] C/C++: android.ndkVersion from module build.gradle is [28.2.13676358]
[        ] C/C++: android.ndkPath from module build.gradle is not set
[        ] C/C++: ndk.dir in local.properties is not set
[        ] C/C++: Not considering ANDROID_NDK_HOME because support was removed after deprecation period.
[        ] C/C++: sdkFolder is C:\Users\najee\AppData\Local\Android\Sdk
[        ] C/C++: android.ndkVersion from module build.gradle is [28.2.13676358]
[   +1 ms] C/C++: android.ndkPath from module build.gradle is not set
[        ] C/C++: ndk.dir in local.properties is not set
[        ] C/C++: Not considering ANDROID_NDK_HOME because support was removed after deprecation period.
[        ] C/C++: sdkFolder is C:\Users\najee\AppData\Local\Android\Sdk
[        ] C/C++: android.ndkVersion from module build.gradle is [28.2.13676358]
[        ] C/C++: android.ndkPath from module build.gradle is not set
[        ] C/C++: ndk.dir in local.properties is not set
[   +7 ms] C/C++: Not considering ANDROID_NDK_HOME because support was removed after deprecation period.
[        ] C/C++: sdkFolder is C:\Users\najee\AppData\Local\Android\Sdk
[        ] C/C++: android.ndkVersion from module build.gradle is [28.2.13676358]
[        ] C/C++: android.ndkPath from module build.gradle is not set
[        ] C/C++: ndk.dir in local.properties is not set
[   +1 ms] C/C++: Not considering ANDROID_NDK_HOME because support was removed after deprecation period.
[        ] C/C++: sdkFolder is C:\Users\najee\AppData\Local\Android\Sdk
[        ] C/C++: android.ndkVersion from module build.gradle is [28.2.13676358]
[        ] C/C++: android.ndkPath from module build.gradle is not set
[        ] C/C++: ndk.dir in local.properties is not set
[        ] C/C++: Not considering ANDROID_NDK_HOME because support was removed after deprecation period.
[        ] C/C++: sdkFolder is C:\Users\najee\AppData\Local\Android\Sdk
[        ] C/C++: android.ndkVersion from module build.gradle is [28.2.13676358]
[        ] C/C++: android.ndkPath from module build.gradle is not set
[        ] C/C++: ndk.dir in local.properties is not set
[        ] C/C++: Not considering ANDROID_NDK_HOME because support was removed after deprecation period.
[        ] C/C++: sdkFolder is C:\Users\najee\AppData\Local\Android\Sdk
[        ] C/C++: android.ndkVersion from module build.gradle is [28.2.13676358]
[        ] C/C++: android.ndkPath from module build.gradle is not set
[   +1 ms] C/C++: ndk.dir in local.properties is not set
[        ] C/C++: Not considering ANDROID_NDK_HOME because support was removed after deprecation period.
[        ] C/C++: sdkFolder is C:\Users\najee\AppData\Local\Android\Sdk
[        ] C/C++: android.ndkVersion from module build.gradle is [28.2.13676358]
[        ] C/C++: android.ndkPath from module build.gradle is not set
[        ] C/C++: ndk.dir in local.properties is not set
[        ] C/C++: Not considering ANDROID_NDK_HOME because support was removed after deprecation period.
[        ] C/C++: sdkFolder is C:\Users\najee\AppData\Local\Android\Sdk
[        ] C/C++: android.ndkVersion from module build.gradle is [28.2.13676358]
[        ] C/C++: android.ndkPath from module build.gradle is not set
[        ] C/C++: ndk.dir in local.properties is not set
[        ] C/C++: Not considering ANDROID_NDK_HOME because support was removed after deprecation period.
[        ] C/C++: sdkFolder is C:\Users\najee\AppData\Local\Android\Sdk
[        ] > Configure project :
[        ] Evaluating root project 'android' using build file 'C:\Users\najee\OneDrive\Documents\SE-ERP\SE-Mobile\android\build.gradle.kts'.
[        ] > Configure project :qr_code_scanner
[        ] Evaluating project ':qr_code_scanner' using build file 'C:\Users\najee\AppData\Local\Pub\Cache\hosted\pub.dev\qr_code_scanner-1.0.1\android\build.gradle'.
[ +222 ms] Build f8217fc1-198d-4818-bcb4-31b23723bc79 is closed
[ +202 ms] Build 24da470f-0107-4b59-933e-d62971f3d927 is closed
[   +1 ms] [Incubating] Problems report is available at: file:///C:/Users/najee/OneDrive/Documents/SE-ERP/SE-Mobile/android/build/reports/problems/problems-report.html
[        ] Deprecated Gradle features were used in this build, making it incompatible with Gradle 10.
[        ] You can use '--warning-mode all' to show the individual deprecation warnings and determine if they come from your own scripts or plugins.
[        ] For more on this, please refer to https://docs.gradle.org/9.1.0/userguide/command_line_interface.html#sec:command_line_warnings in the Gradle documentation.
[        ] 4 actionable tasks: 4 up-to-date
[        ] Watched directory hierarchies: [C:\flutter\packages\flutter_tools\gradle, C:\Users\najee\OneDrive\Documents\SE-ERP\SE-Mobile\android]
[ +142 ms] Running Gradle task 'assembleRelease'... (completed in 4.8s)
[  +14 ms] 
           ┌─ Flutter Fix ────────────────────────────────────────────────────────────────┐
           │ [!] Starting AGP 9+, the default has become built-in Kotlin.                 │
           │ This results in a build failure when applying the kotlin-android plugin.     │
           │ To resolve this, migrate to built-in Kotlin.                                 │
           │                                                                              │
           │ For instructions on how to migrate, see:                                     │
           │ https://docs.flutter.dev/release/breaking-changes/migrate-to-built-in-kotlin │
           └──────────────────────────────────────────────────────────────────────────────┘

[  +11 ms] "flutter apk" took 6,118ms.
[        ] Running 1 shutdown hook
[   +3 ms] Shutdown hooks complete
[ +168 ms] exiting with code 1
